<?xml version="1.0" encoding="UTF-8"?>
<!-- Generated by org.testng.reporters.JUnitXMLReporter -->
<testsuite ignored="0" hostname="DESKTOP-P222LO5" failures="0" tests="16" name="Edge" time="1.333" errors="0" timestamp="2026-09-22T14:43:35 IST">
  <testcase classname="Testrunner.lgtests" name="lgest" time="0.0">
    <skipped/>
  </testcase> <!-- lgest -->
  <testcase classname="Testrunner.lgtests" name="lgest" time="0.0">
    <skipped/>
  </testcase> <!-- lgest -->
  <testcase classname="Testrunner.lgtests" name="lgest" time="0.0">
    <skipped/>
  </testcase> <!-- lgest -->
  <testcase classname="Testrunner.lgtests" name="lgest" time="0.0">
    <skipped/>
  </testcase> <!-- lgest -->
  <testcase classname="Testrunner.lgtests" name="lgest" time="0.0">
    <skipped/>
  </testcase> <!-- lgest -->
  <testcase classname="Testrunner.lgtests" name="lgest" time="0.0">
    <skipped/>
  </testcase> <!-- lgest -->
  <testcase classname="Testrunner.lgtests" name="lgest" time="0.0">
    <skipped/>
  </testcase> <!-- lgest -->
  <testcase classname="Testrunner.lgtests" name="lgest" time="0.0">
    <skipped/>
  </testcase> <!-- lgest -->
  <testcase classname="Testrunner.lgtests" name="lgest" time="0.0">
    <skipped/>
  </testcase> <!-- lgest -->
  <testcase classname="Testrunner.lgtests" name="lgest" time="0.0">
    <skipped/>
  </testcase> <!-- lgest -->
  <testcase classname="Testrunner.lgtests" name="lgest" time="0.0">
    <skipped/>
  </testcase> <!-- lgest -->
  <testcase classname="Testrunner.lgtests" name="lgest" time="0.0">
    <skipped/>
  </testcase> <!-- lgest -->
  <testcase classname="Testrunner.lgtests" name="lgest" time="0.0">
    <skipped/>
  </testcase> <!-- lgest -->
  <testcase classname="Testrunner.lgtests" name="lgest" time="0.0">
    <skipped/>
  </testcase> <!-- lgest -->
  <testcase classname="Testrunner.lgtests" name="lgest" time="0.0">
    <skipped/>
  </testcase> <!-- lgest -->
  <testcase classname="Testrunner.lgtests" name="lgest" time="0.0">
    <skipped/>
  </testcase> <!-- lgest -->
</testsuite> <!-- Edge -->
